c:\users\hojin\activex\projects\myactivexcontrol\release\myactivexcontrol.pch
c:\users\hojin\activex\projects\myactivexcontrol\release\vc142.pdb
c:\users\hojin\activex\projects\myactivexcontrol\release\pch.obj
c:\users\hojin\activex\projects\myactivexcontrol\release\myactivexcontrolproppage.obj
c:\users\hojin\activex\projects\myactivexcontrol\release\myactivexcontrolctrl.obj
c:\users\hojin\activex\projects\myactivexcontrol\release\myactivexcontrol.obj
c:\users\hojin\activex\projects\myactivexcontrol\release\cmyformview.obj
c:\users\hojin\activex\projects\myactivexcontrol\release\myactivexcontrol.ocx
c:\users\hojin\activex\projects\myactivexcontrol\release\myactivexcontrol.pdb
c:\users\hojin\activex\projects\myactivexcontrol\release\myactivexcontrol.tlb
c:\users\hojin\activex\projects\myactivexcontrol\myactivexcontrol_i.c
c:\users\hojin\activex\projects\myactivexcontrol\myactivexcontrolidl.h
c:\users\hojin\activex\projects\myactivexcontrol\release\myactivexcontrol.lib
c:\users\hojin\activex\projects\myactivexcontrol\release\myactivexcontrol.exp
c:\users\hojin\activex\projects\myactivexcontrol\release\myactivexcontrol.ipdb
c:\users\hojin\activex\projects\myactivexcontrol\release\myactivexcontrol.iobj
c:\users\hojin\activex\projects\myactivexcontrol\release\myactivexcontrol.res
c:\users\hojin\activex\projects\myactivexcontrol\release\myactivexcontrol.tlog\cl.command.1.tlog
c:\users\hojin\activex\projects\myactivexcontrol\release\myactivexcontrol.tlog\cl.read.1.tlog
c:\users\hojin\activex\projects\myactivexcontrol\release\myactivexcontrol.tlog\cl.write.1.tlog
c:\users\hojin\activex\projects\myactivexcontrol\release\myactivexcontrol.tlog\link.command.1.tlog
c:\users\hojin\activex\projects\myactivexcontrol\release\myactivexcontrol.tlog\link.read.1.tlog
c:\users\hojin\activex\projects\myactivexcontrol\release\myactivexcontrol.tlog\link.write.1.tlog
c:\users\hojin\activex\projects\myactivexcontrol\release\myactivexcontrol.tlog\midl.command.1.tlog
c:\users\hojin\activex\projects\myactivexcontrol\release\myactivexcontrol.tlog\midl.read.1.tlog
c:\users\hojin\activex\projects\myactivexcontrol\release\myactivexcontrol.tlog\midl.write.1.tlog
c:\users\hojin\activex\projects\myactivexcontrol\release\myactivexcontrol.tlog\myactivexcontrol.write.1u.tlog
c:\users\hojin\activex\projects\myactivexcontrol\release\myactivexcontrol.tlog\rc.command.1.tlog
c:\users\hojin\activex\projects\myactivexcontrol\release\myactivexcontrol.tlog\rc.read.1.tlog
c:\users\hojin\activex\projects\myactivexcontrol\release\myactivexcontrol.tlog\rc.write.1.tlog
