c:\users\hojin\activex\projects\myactivexcontrol\debug\myactivexcontrol.pch
c:\users\hojin\activex\projects\myactivexcontrol\debug\vc142.pdb
c:\users\hojin\activex\projects\myactivexcontrol\debug\vc142.idb
c:\users\hojin\activex\projects\myactivexcontrol\debug\pch.obj
c:\users\hojin\activex\projects\myactivexcontrol\debug\myactivexcontrolproppage.obj
c:\users\hojin\activex\projects\myactivexcontrol\debug\myactivexcontrolctrl.obj
c:\users\hojin\activex\projects\myactivexcontrol\debug\myactivexcontrol.obj
c:\users\hojin\activex\projects\myactivexcontrol\debug\cmyformview.obj
c:\users\hojin\activex\projects\myactivexcontrol\debug\myactivexcontrol.ilk
c:\users\hojin\activex\projects\myactivexcontrol\debug\myactivexcontrol.ocx
c:\users\hojin\activex\projects\myactivexcontrol\debug\myactivexcontrol.pdb
c:\users\hojin\activex\projects\myactivexcontrol\debug\myactivexcontrol.tlb
c:\users\hojin\activex\projects\myactivexcontrol\myactivexcontrol_i.c
c:\users\hojin\activex\projects\myactivexcontrol\myactivexcontrolidl.h
c:\users\hojin\activex\projects\myactivexcontrol\debug\myactivexcontrol.lib
c:\users\hojin\activex\projects\myactivexcontrol\debug\myactivexcontrol.exp
c:\users\hojin\activex\projects\myactivexcontrol\debug\myactivexcontrol.res
c:\users\hojin\activex\projects\myactivexcontrol\debug\myactivexcontrol.tlog\cl.command.1.tlog
c:\users\hojin\activex\projects\myactivexcontrol\debug\myactivexcontrol.tlog\cl.read.1.tlog
c:\users\hojin\activex\projects\myactivexcontrol\debug\myactivexcontrol.tlog\cl.write.1.tlog
c:\users\hojin\activex\projects\myactivexcontrol\debug\myactivexcontrol.tlog\link.command.1.tlog
c:\users\hojin\activex\projects\myactivexcontrol\debug\myactivexcontrol.tlog\link.read.1.tlog
c:\users\hojin\activex\projects\myactivexcontrol\debug\myactivexcontrol.tlog\link.write.1.tlog
c:\users\hojin\activex\projects\myactivexcontrol\debug\myactivexcontrol.tlog\midl.command.1.tlog
c:\users\hojin\activex\projects\myactivexcontrol\debug\myactivexcontrol.tlog\midl.read.1.tlog
c:\users\hojin\activex\projects\myactivexcontrol\debug\myactivexcontrol.tlog\midl.write.1.tlog
c:\users\hojin\activex\projects\myactivexcontrol\debug\myactivexcontrol.tlog\myactivexcontrol.write.1u.tlog
c:\users\hojin\activex\projects\myactivexcontrol\debug\myactivexcontrol.tlog\rc.command.1.tlog
c:\users\hojin\activex\projects\myactivexcontrol\debug\myactivexcontrol.tlog\rc.read.1.tlog
c:\users\hojin\activex\projects\myactivexcontrol\debug\myactivexcontrol.tlog\rc.write.1.tlog
