c:\users\hojin\activex\projects\myactivexapp\x64\release\myactivexapp.pch
c:\users\hojin\activex\projects\myactivexapp\x64\release\vc142.pdb
c:\users\hojin\activex\projects\myactivexapp\x64\release\pch.obj
c:\users\hojin\activex\projects\myactivexapp\x64\release\myactivexappdlg.obj
c:\users\hojin\activex\projects\myactivexapp\x64\release\myactivexapp.obj
c:\users\hojin\activex\projects\myactivexapp\x64\release\myactivexapp.exe
c:\users\hojin\activex\projects\myactivexapp\x64\release\myactivexapp.pdb
c:\users\hojin\activex\projects\myactivexapp\x64\release\myactivexapp.ipdb
c:\users\hojin\activex\projects\myactivexapp\x64\release\myactivexapp.iobj
c:\users\hojin\activex\projects\myactivexapp\x64\release\myactivexapp.res
c:\users\hojin\activex\projects\myactivexapp\x64\release\myactivexapp.tlog\cl.command.1.tlog
c:\users\hojin\activex\projects\myactivexapp\x64\release\myactivexapp.tlog\cl.read.1.tlog
c:\users\hojin\activex\projects\myactivexapp\x64\release\myactivexapp.tlog\cl.write.1.tlog
c:\users\hojin\activex\projects\myactivexapp\x64\release\myactivexapp.tlog\link.command.1.tlog
c:\users\hojin\activex\projects\myactivexapp\x64\release\myactivexapp.tlog\link.read.1.tlog
c:\users\hojin\activex\projects\myactivexapp\x64\release\myactivexapp.tlog\link.write.1.tlog
c:\users\hojin\activex\projects\myactivexapp\x64\release\myactivexapp.tlog\myactivexapp.write.1u.tlog
c:\users\hojin\activex\projects\myactivexapp\x64\release\myactivexapp.tlog\rc.command.1.tlog
c:\users\hojin\activex\projects\myactivexapp\x64\release\myactivexapp.tlog\rc.read.1.tlog
c:\users\hojin\activex\projects\myactivexapp\x64\release\myactivexapp.tlog\rc.write.1.tlog
